<?xml version="1.0" encoding="UTF-8"?>
<!-- Generated by org.testng.reporters.JUnitReportReporter -->
<testsuite skipped="0" hostname="DESKTOP-J4DO44B" name="testcases.TC004Navigation_Kids" tests="1" failures="0" timestamp="19 Jun 2021 15:00:19 GMT" time="10.770" errors="0">
  <testcase name="verifyKidsNavigation" time="10.770" classname="testcases.TC004Navigation_Kids"/>
</testsuite> <!-- testcases.TC004Navigation_Kids -->
