<?xml version="1.0" encoding="UTF-8"?>
<!-- Generated by org.testng.reporters.JUnitReportReporter -->
<testsuite skipped="0" hostname="DESKTOP-J4DO44B" name="testcases.TC002CoronavirusTab" tests="1" failures="0" timestamp="10 Jun 2021 21:49:54 GMT" time="6.042" errors="0">
  <testcase name="verifyTitle" time="6.042" classname="testcases.TC002CoronavirusTab"/>
</testsuite> <!-- testcases.TC002CoronavirusTab -->
