<?xml version="1.0" encoding="UTF-8"?>
<!-- Generated by org.testng.reporters.JUnitReportReporter -->
<testsuite skipped="0" hostname="DESKTOP-J4DO44B" name="testcases.TC003Navigation_Hubs" tests="1" failures="0" timestamp="19 Jun 2021 15:00:19 GMT" time="3.096" errors="0">
  <testcase name="verifyHubsNavigation" time="3.096" classname="testcases.TC003Navigation_Hubs"/>
</testsuite> <!-- testcases.TC003Navigation_Hubs -->
